{"numTotalTestSuites":262,"numPassedTestSuites":260,"numFailedTestSuites":2,"numPendingTestSuites":0,"numTotalTests":790,"numPassedTests":789,"numFailedTests":1,"numPendingTests":0,"numTodoTests":0,"snapshot":{"added":0,"failure":false,"filesAdded":0,"filesRemoved":0,"filesRemovedList":[],"filesUnmatched":0,"filesUpdated":0,"matched":0,"total":0,"unchecked":0,"uncheckedKeysByFile":[],"unmatched":0,"updated":0,"didUpdate":false},"startTime":1776037944505,"success":false,"testResults":[{"assertionResults":[{"ancestorTitles":["trust profile derivation"],"fullName":"trust profile derivation assigns verification levels correctly","status":"passed","title":"assigns verification levels correctly","duration":5.941600000001927,"failureMessages":[],"meta":{},"tags":[]},{"ancestorTitles":["trust profile derivation"],"fullName":"trust profile derivation keeps trust score inside 0-99 bounds","status":"passed","title":"keeps trust score inside 0-99 bounds","duration":0.9755000000004657,"failureMessages":[],"meta":{},"tags":[]},{"ancestorTitles":["trust profile derivation"],"fullName":"trust profile derivation builds a consistent demo profile","status":"passed","title":"builds a consistent demo profile","duration":2.063399999999092,"failureMessages":[],"meta":{},"tags":[]},{"ancestorTitles":["trust profile derivation"],"fullName":"trust profile derivation maps backend profile into stable runtime shape","status":"passed","title":"maps backend profile into stable runtime shape","duration":1.1484999999993306,"failureMessages":[],"meta":{},"tags":[]},{"ancestorTitles":["trust profile derivation"],"fullName":"trust profile derivation does not mark a phone as verified just because a phone number exists","status":"passed","title":"does not mark a phone as verified just because a phone number exists","duration":0.5763000000006286,"failureMessages":[],"meta":{},"tags":[]}],"startTime":1776038164606,"endTime":1776038164617.5764,"status":"passed","message":"","name":"C:/Users/user/OneDrive/Desktop/Wdoubleme/tests/trust-profile.test.ts"},{"assertionResults":[{"ancestorTitles":["workspace configuration utilities"],"fullName":"workspace configuration utilities returns defaults when environment variables are missing","status":"passed","title":"returns defaults when environment variables are missing","duration":29.656699999999546,"failureMessages":[],"meta":{},"tags":[]},{"ancestorTitles":["workspace configuration utilities"],"fullName":"workspace configuration utilities exposes stable application defaults","status":"passed","title":"exposes stable application defaults","duration":145.96349999999984,"failureMessages":[],"meta":{},"tags":[]},{"ancestorTitles":["workspace configuration utilities"],"fullName":"workspace configuration utilities builds stable helper URLs","status":"passed","title":"builds stable helper URLs","duration":187.8169999999991,"failureMessages":[],"meta":{},"tags":[]}],"startTime":1776038006531,"endTime":1776038006894.817,"status":"passed","message":"","name":"C:/Users/user/OneDrive/Desktop/Wdoubleme/tests/workspace.test.ts"},{"assertionResults":[{"ancestorTitles":["database hardening migration"],"fullName":"database hardening migration adds integrity constraints for package-enabled trips and delivered packages","status":"passed","title":"adds integrity constraints for package-enabled trips and delivered packages","duration":22.292900000000373,"failureMessages":[],"meta":{},"tags":[]},{"ancestorTitles":["database hardening migration"],"fullName":"database hardening migration protects payment method defaults and transaction reference integrity","status":"passed","title":"protects payment method defaults and transaction reference integrity","duration":5.504400000001624,"failureMessages":[],"meta":{},"tags":[]},{"ancestorTitles":["database hardening migration"],"fullName":"database hardening migration adds operational indexes that help auditability and query performance","status":"passed","title":"adds operational indexes that help auditability and query performance","duration":0.5972000000001572,"failureMessages":[],"meta":{},"tags":[]},{"ancestorTitles":["wallet runtime hardening migration"],"fullName":"wallet runtime hardening migration enforces wallet balance and auto top-up bounds","status":"passed","title":"enforces wallet balance and auto top-up bounds","duration":3.115399999998772,"failureMessages":[],"meta":{},"tags":[]},{"ancestorTitles":["wallet runtime hardening migration"],"fullName":"wallet runtime hardening migration requires positive transaction amounts and non-empty payment references","status":"passed","title":"requires positive transaction amounts and non-empty payment references","duration":0.9197999999996682,"failureMessages":[],"meta":{},"tags":[]},{"ancestorTitles":["wallet runtime hardening migration"],"fullName":"wallet runtime hardening migration adds indexes for wallet lookup and transaction history access paths","status":"passed","title":"adds indexes for wallet lookup and transaction history access paths","duration":8.986000000000786,"failureMessages":[],"meta":{},"tags":[]},{"ancestorTitles":["database scorecard"],"fullName":"database scorecard documents a 9+ database score with rationale","status":"passed","title":"documents a 9+ database score with rationale","duration":9.590000000000146,"failureMessages":[],"meta":{},"tags":[]},{"ancestorTitles":["runtime performance indexes migration"],"fullName":"runtime performance indexes migration adds an expression index for auth-user text lookups used by runtime policies","status":"passed","title":"adds an expression index for auth-user text lookups used by runtime policies","duration":2.9268000000010943,"failureMessages":[],"meta":{},"tags":[]}],"startTime":1776038164632,"endTime":1776038164686.9268,"status":"passed","message":"","name":"C:/Users/user/OneDrive/Desktop/Wdoubleme/tests/database/databaseHardening.test.ts"},{"assertionResults":[{"ancestorTitles":["supabase migration registry"],"fullName":"supabase migration registry tracks every migration with a contiguous sequence and unique file path","status":"passed","title":"tracks every migration with a contiguous sequence and unique file path","duration":9.429000000000087,"failureMessages":[],"meta":{},"tags":[]},{"ancestorTitles":["supabase migration registry"],"fullName":"supabase migration registry requires canonical naming and unique timestamps for rollout migrations","status":"passed","title":"requires canonical naming and unique timestamps for rollout migrations","duration":3.9094999999997526,"failureMessages":[],"meta":{},"tags":[]},{"ancestorTitles":["supabase migration registry"],"fullName":"supabase migration registry keeps the migration README generated from the registry","status":"passed","title":"keeps the migration README generated from the registry","duration":14.520599999999831,"failureMessages":[],"meta":{},"tags":[]}],"startTime":1776038104729,"endTime":1776038104757.5205,"status":"passed","message":"","name":"C:/Users/user/OneDrive/Desktop/Wdoubleme/tests/database/migrationRegistry.test.ts"},{"assertionResults":[{"ancestorTitles":["operational seeding rollout"],"fullName":"operational seeding rollout registers the automation access hardening migration after the operational bootstrap step","status":"passed","title":"registers the automation access hardening migration after the operational bootstrap step","duration":4.64010000000053,"failureMessages":[],"meta":{},"tags":[]},{"ancestorTitles":["operational seeding rollout"],"fullName":"operational seeding rollout keeps the rollout migration registry in canonical timestamp order with unique timestamps","status":"passed","title":"keeps the rollout migration registry in canonical timestamp order with unique timestamps","duration":3.51010000000133,"failureMessages":[],"meta":{},"tags":[]},{"ancestorTitles":["operational seeding rollout"],"fullName":"operational seeding rollout defines the required modular seed files in execution order","status":"passed","title":"defines the required modular seed files in execution order","duration":0.8861999999990076,"failureMessages":[],"meta":{},"tags":[]},{"ancestorTitles":["operational seeding rollout"],"fullName":"operational seeding rollout creates the operational reference tables and paired-trip lifecycle support","status":"passed","title":"creates the operational reference tables and paired-trip lifecycle support","duration":2.2647999999990134,"failureMessages":[],"meta":{},"tags":[]},{"ancestorTitles":["operational seeding rollout"],"fullName":"operational seeding rollout locks down client automation writes and adds atomic support ticket RPCs","status":"passed","title":"locks down client automation writes and adds atomic support ticket RPCs","duration":1.9631999999983236,"failureMessages":[],"meta":{},"tags":[]},{"ancestorTitles":["operational seeding rollout"],"fullName":"operational seeding rollout keeps every operational seed file idempotent and logged","status":"passed","title":"keeps every operational seed file idempotent and logged","duration":8.589999999998327,"failureMessages":[],"meta":{},"tags":[]},{"ancestorTitles":["operational seeding rollout"],"fullName":"operational seeding rollout covers the full business bootstrap footprint in the seed modules","status":"passed","title":"covers the full business bootstrap footprint in the seed modules","duration":1.835800000000745,"failureMessages":[],"meta":{},"tags":[]},{"ancestorTitles":["operational seeding rollout"],"fullName":"operational seeding rollout documents how to run and extend the operational seed pipeline","status":"passed","title":"documents how to run and extend the operational seed pipeline","duration":1.3476000000009662,"failureMessages":[],"meta":{},"tags":[]}],"startTime":1776038096562,"endTime":1776038096588.3477,"status":"passed","message":"","name":"C:/Users/user/OneDrive/Desktop/Wdoubleme/tests/database/operationalSeeding.test.ts"},{"assertionResults":[{"ancestorTitles":["Integration: Booking Flow","Search & Browse Trips"],"fullName":"Integration: Booking Flow Search & Browse Trips should fetch available trips for given route","status":"passed","title":"should fetch available trips for given route","duration":32.35620000000017,"failureMessages":[],"meta":{},"tags":[]},{"ancestorTitles":["Integration: Booking Flow","Search & Browse Trips"],"fullName":"Integration: Booking Flow Search & Browse Trips should handle empty search results","status":"passed","title":"should handle empty search results","duration":3.8796000000002095,"failureMessages":[],"meta":{},"tags":[]},{"ancestorTitles":["Integration: Booking Flow","Search & Browse Trips"],"fullName":"Integration: Booking Flow Search & Browse Trips should handle network errors during trip search","status":"passed","title":"should handle network errors during trip search","duration":3.917600000000675,"failureMessages":[],"meta":{},"tags":[]},{"ancestorTitles":["Integration: Booking Flow","Authentication for Booking"],"fullName":"Integration: Booking Flow Authentication for Booking should require authentication before booking","status":"passed","title":"should require authentication before booking","duration":5.1075999999993655,"failureMessages":[],"meta":{},"tags":[]},{"ancestorTitles":["Integration: Booking Flow","Authentication for Booking"],"fullName":"Integration: Booking Flow Authentication for Booking should accept valid authentication token","status":"passed","title":"should accept valid authentication token","duration":2.2242999999998574,"failureMessages":[],"meta":{},"tags":[]},{"ancestorTitles":["Integration: Booking Flow","Authentication for Booking"],"fullName":"Integration: Booking Flow Authentication for Booking should refresh expired auth token","status":"passed","title":"should refresh expired auth token","duration":1.9493000000002212,"failureMessages":[],"meta":{},"tags":[]},{"ancestorTitles":["Integration: Booking Flow","Booking Creation & Validation"],"fullName":"Integration: Booking Flow Booking Creation & Validation should create booking with valid passenger data","status":"passed","title":"should create booking with valid passenger data","duration":3.7417999999997846,"failureMessages":[],"meta":{},"tags":[]},{"ancestorTitles":["Integration: Booking Flow","Booking Creation & Validation"],"fullName":"Integration: Booking Flow Booking Creation & Validation should validate passenger count","status":"passed","title":"should validate passenger count","duration":1.6797000000005937,"failureMessages":[],"meta":{},"tags":[]},{"ancestorTitles":["Integration: Booking Flow","Booking Creation & Validation"],"fullName":"Integration: Booking Flow Booking Creation & Validation should prevent duplicate bookings for same user","status":"passed","title":"should prevent duplicate bookings for same user","duration":3.372099999999591,"failureMessages":[],"meta":{},"tags":[]},{"ancestorTitles":["Integration: Booking Flow","Payment Processing"],"fullName":"Integration: Booking Flow Payment Processing should initiate payment for confirmed booking","status":"passed","title":"should initiate payment for confirmed booking","duration":3.8554000000003725,"failureMessages":[],"meta":{},"tags":[]},{"ancestorTitles":["Integration: Booking Flow","Payment Processing"],"fullName":"Integration: Booking Flow Payment Processing should handle payment failures gracefully","status":"passed","title":"should handle payment failures gracefully","duration":0.9081999999998516,"failureMessages":[],"meta":{},"tags":[]},{"ancestorTitles":["Integration: Booking Flow","Payment Processing"],"fullName":"Integration: Booking Flow Payment Processing should update booking status after successful payment","status":"passed","title":"should update booking status after successful payment","duration":3.6462000000001353,"failureMessages":[],"meta":{},"tags":[]},{"ancestorTitles":["Integration: Booking Flow","Complete Booking Flow (End-to-End)"],"fullName":"Integration: Booking Flow Complete Booking Flow (End-to-End) should complete full booking workflow: search → book → pay","status":"passed","title":"should complete full booking workflow: search → book → pay","duration":3.3676000000004933,"failureMessages":[],"meta":{},"tags":[]}],"startTime":1776038032452,"endTime":1776038032525.3677,"status":"passed","message":"","name":"C:/Users/user/OneDrive/Desktop/Wdoubleme/tests/integration/booking.test.ts"},{"assertionResults":[{"ancestorTitles":["MobileBottomNav"],"fullName":"MobileBottomNav falls back to the language context when no prop is passed","status":"passed","title":"falls back to the language context when no prop is passed","duration":2147.4458000000004,"failureMessages":[],"meta":{},"tags":[]},{"ancestorTitles":["MobileBottomNav"],"fullName":"MobileBottomNav keeps auth-only tabs hidden for guests","status":"passed","title":"keeps auth-only tabs hidden for guests","duration":126.44959999999992,"failureMessages":[],"meta":{},"tags":[]},{"ancestorTitles":["MobileBottomNav"],"fullName":"MobileBottomNav shows the full nav set for signed-in users and navigates on tap","status":"passed","title":"shows the full nav set for signed-in users and navigates on tap","duration":186.47429999999986,"failureMessages":[],"meta":{},"tags":[]}],"startTime":1776037971557,"endTime":1776037974017.4744,"status":"passed","message":"","name":"C:/Users/user/OneDrive/Desktop/Wdoubleme/tests/unit/components/MobileBottomNav.test.tsx"},{"assertionResults":[{"ancestorTitles":["WaselMobileHome"],"fullName":"WaselMobileHome renders the mobile search CTA and nearby rides copy","status":"failed","title":"renders the mobile search CTA and nearby rides copy","duration":5621.663500000001,"failureMessages":["Error: STACK_TRACE_ERROR\n    at task (file:///C:/Users/user/OneDrive/Desktop/Wdoubleme/node_modules/@vitest/runner/dist/chunk-artifact.js:1774:27)\n    at Object.<anonymous> (file:///C:/Users/user/OneDrive/Desktop/Wdoubleme/node_modules/@vitest/runner/dist/chunk-artifact.js:1807:16)\n    at Object.<anonymous> (file:///C:/Users/user/OneDrive/Desktop/Wdoubleme/node_modules/@vitest/runner/dist/chunk-artifact.js:1553:28)\n    at chain (file:///C:/Users/user/OneDrive/Desktop/Wdoubleme/node_modules/@vitest/runner/dist/chunk-artifact.js:589:14)\n    at C:/Users/user/OneDrive/Desktop/Wdoubleme/tests/unit/components/WaselMobileHome.test.tsx:56:3\n    at file:///C:/Users/user/OneDrive/Desktop/Wdoubleme/node_modules/@vitest/runner/dist/chunk-artifact.js:1879:40\n    at runWithSuite (file:///C:/Users/user/OneDrive/Desktop/Wdoubleme/node_modules/@vitest/runner/dist/chunk-artifact.js:2248:8)\n    at Object.collect (file:///C:/Users/user/OneDrive/Desktop/Wdoubleme/node_modules/@vitest/runner/dist/chunk-artifact.js:1879:10)\n    at Object.collect (file:///C:/Users/user/OneDrive/Desktop/Wdoubleme/node_modules/@vitest/runner/dist/chunk-artifact.js:1883:54)\n    at processTicksAndRejections (node:internal/process/task_queues:103:5)"],"meta":{},"tags":[]},{"ancestorTitles":["WaselMobileHome"],"fullName":"WaselMobileHome shows the offline banner when navigator reports offline","status":"passed","title":"shows the offline banner when navigator reports offline","duration":137.40449999999873,"failureMessages":[],"meta":{},"tags":[]},{"ancestorTitles":["getOnlineState()"],"fullName":"getOnlineState() returns true when navigator is unavailable","status":"passed","title":"returns true when navigator is unavailable","duration":0.9670999999998457,"failureMessages":[],"meta":{},"tags":[]}],"startTime":1776037960356,"endTime":1776037966115.967,"status":"failed","message":"","name":"C:/Users/user/OneDrive/Desktop/Wdoubleme/tests/unit/components/WaselMobileHome.test.tsx"},{"assertionResults":[{"ancestorTitles":["getResetPasswordRedirectCandidates"],"fullName":"getResetPasswordRedirectCandidates includes both common localhost callback URLs during local development","status":"passed","title":"includes both common localhost callback URLs during local development","duration":321.84069999999974,"failureMessages":[],"meta":{},"tags":[]},{"ancestorTitles":["getResetPasswordRedirectCandidates"],"fullName":"getResetPasswordRedirectCandidates keeps configured non-local origins without duplicating entries","status":"passed","title":"keeps configured non-local origins without duplicating entries","duration":172.84419999999955,"failureMessages":[],"meta":{},"tags":[]}],"startTime":1776037981271,"endTime":1776037981766.8442,"status":"passed","message":"","name":"C:/Users/user/OneDrive/Desktop/Wdoubleme/tests/unit/contexts/AuthContext.test.ts"},{"assertionResults":[{"ancestorTitles":["AuthContext — initial state"],"fullName":"AuthContext — initial state exposes null user and session before any auth event","status":"passed","title":"exposes null user and session before any auth event","duration":245.8784000000005,"failureMessages":[],"meta":{},"tags":[]},{"ancestorTitles":["AuthContext — initial state"],"fullName":"AuthContext — initial state sets isBackendConnected to true when Supabase is configured","status":"passed","title":"sets isBackendConnected to true when Supabase is configured","duration":87.77099999999973,"failureMessages":[],"meta":{},"tags":[]},{"ancestorTitles":["AuthContext — signIn"],"fullName":"AuthContext — signIn returns no error on successful sign-in","status":"passed","title":"returns no error on successful sign-in","duration":48.348399999999856,"failureMessages":[],"meta":{},"tags":[]},{"ancestorTitles":["AuthContext — signIn"],"fullName":"AuthContext — signIn returns an error when LocalAuth rejects","status":"passed","title":"returns an error when LocalAuth rejects","duration":61.41070000000036,"failureMessages":[],"meta":{},"tags":[]},{"ancestorTitles":["AuthContext — signUp"],"fullName":"AuthContext — signUp delegates to LocalAuth.register and returns no error on success","status":"passed","title":"delegates to LocalAuth.register and returns no error on success","duration":210.86839999999938,"failureMessages":[],"meta":{},"tags":[]},{"ancestorTitles":["AuthContext — signUp"],"fullName":"AuthContext — signUp surfaces registration errors","status":"passed","title":"surfaces registration errors","duration":24.194400000000314,"failureMessages":[],"meta":{},"tags":[]},{"ancestorTitles":["AuthContext — signOut"],"fullName":"AuthContext — signOut calls LocalAuth.signOut and clears user/session/profile","status":"passed","title":"calls LocalAuth.signOut and clears user/session/profile","duration":46.90049999999974,"failureMessages":[],"meta":{},"tags":[]},{"ancestorTitles":["AuthContext — resetPassword"],"fullName":"AuthContext — resetPassword calls supabase.auth.resetPasswordForEmail with the correct email","status":"passed","title":"calls supabase.auth.resetPasswordForEmail with the correct email","duration":1566.3194999999996,"failureMessages":[],"meta":{},"tags":[]},{"ancestorTitles":["AuthContext — resetPassword"],"fullName":"AuthContext — resetPassword returns an error when supabase rejects with a non-redirect error","status":"passed","title":"returns an error when supabase rejects with a non-redirect error","duration":628.0581999999995,"failureMessages":[],"meta":{},"tags":[]},{"ancestorTitles":["AuthContext — changePassword"],"fullName":"AuthContext — changePassword calls supabase.auth.updateUser with the new password","status":"passed","title":"calls supabase.auth.updateUser with the new password","duration":21.29740000000129,"failureMessages":[],"meta":{},"tags":[]},{"ancestorTitles":["AuthContext — changePassword"],"fullName":"AuthContext — changePassword surfaces supabase errors on password update failure","status":"passed","title":"surfaces supabase errors on password update failure","duration":54.85200000000077,"failureMessages":[],"meta":{},"tags":[]},{"ancestorTitles":["AuthContext — useAuth hook guard"],"fullName":"AuthContext — useAuth hook guard throws when useAuth is called outside of AuthProvider","status":"passed","title":"throws when useAuth is called outside of AuthProvider","duration":56.09060000000136,"failureMessages":[],"meta":{},"tags":[]}],"startTime":1776037963582,"endTime":1776037966649.0906,"status":"passed","message":"","name":"C:/Users/user/OneDrive/Desktop/Wdoubleme/tests/unit/contexts/AuthContext.test.tsx"},{"assertionResults":[{"ancestorTitles":["LocalAuthProvider"],"fullName":"LocalAuthProvider releases loading when auth bootstrap stalls but a cached user exists","status":"passed","title":"releases loading when auth bootstrap stalls but a cached user exists","duration":118.60239999999976,"failureMessages":[],"meta":{},"tags":[]},{"ancestorTitles":["LocalAuthProvider"],"fullName":"LocalAuthProvider releases loading when auth bootstrap stalls without a cached user","status":"passed","title":"releases loading when auth bootstrap stalls without a cached user","duration":14.720300000000861,"failureMessages":[],"meta":{},"tags":[]}],"startTime":1776038017418,"endTime":1776038017551.7202,"status":"passed","message":"","name":"C:/Users/user/OneDrive/Desktop/Wdoubleme/tests/unit/contexts/LocalAuth.test.tsx"},{"assertionResults":[{"ancestorTitles":["notificationCenterModel"],"fullName":"notificationCenterModel detects categories from notification content","status":"passed","title":"detects categories from notification content","duration":10.988999999999578,"failureMessages":[],"meta":{},"tags":[]},{"ancestorTitles":["notificationCenterModel"],"fullName":"notificationCenterModel filters notifications by unread, category, and archived state","status":"passed","title":"filters notifications by unread, category, and archived state","duration":1.1437999999998283,"failureMessages":[],"meta":{},"tags":[]},{"ancestorTitles":["notificationCenterModel"],"fullName":"notificationCenterModel matches search terms across title, body, and category","status":"passed","title":"matches search terms across title, body, and category","duration":1.0236999999997352,"failureMessages":[],"meta":{},"tags":[]},{"ancestorTitles":["notificationCenterModel"],"fullName":"notificationCenterModel builds timeline sections in descending freshness buckets","status":"passed","title":"builds timeline sections in descending freshness buckets","duration":2.3571999999985565,"failureMessages":[],"meta":{},"tags":[]},{"ancestorTitles":["notificationCenterModel"],"fullName":"notificationCenterModel summarizes visible, unread, urgent, and archived counts","status":"passed","title":"summarizes visible, unread, urgent, and archived counts","duration":3.3624999999992724,"failureMessages":[],"meta":{},"tags":[]},{"ancestorTitles":["notificationCenterModel"],"fullName":"notificationCenterModel ranks unread urgent notifications ahead of older read items","status":"passed","title":"ranks unread urgent notifications ahead of older read items","duration":0.8616000000001804,"failureMessages":[],"meta":{},"tags":[]},{"ancestorTitles":["notificationCenterModel"],"fullName":"notificationCenterModel builds filter counts for live and archived views","status":"passed","title":"builds filter counts for live and archived views","duration":1.5563999999994849,"failureMessages":[],"meta":{},"tags":[]},{"ancestorTitles":["notificationCenterModel"],"fullName":"notificationCenterModel infers stakeholders, channels, and escalation labels for communication-heavy notifications","status":"passed","title":"infers stakeholders, channels, and escalation labels for communication-heavy notifications","duration":9.148400000000038,"failureMessages":[],"meta":{},"tags":[]},{"ancestorTitles":["notificationCenterModel"],"fullName":"notificationCenterModel summarizes visible notifications by stakeholder","status":"passed","title":"summarizes visible notifications by stakeholder","duration":4.636100000001534,"failureMessages":[],"meta":{},"tags":[]}],"startTime":1776038116420,"endTime":1776038116455.636,"status":"passed","message":"","name":"C:/Users/user/OneDrive/Desktop/Wdoubleme/tests/unit/features/notificationCenterModel.test.ts"},{"assertionResults":[{"ancestorTitles":["profileUtils"],"fullName":"profileUtils builds initials safely from profile names","status":"passed","title":"builds initials safely from profile names","duration":8.452300000000832,"failureMessages":[],"meta":{},"tags":[]},{"ancestorTitles":["profileUtils"],"fullName":"profileUtils normalizes valid profile phone input","status":"passed","title":"normalizes valid profile phone input","duration":1.0887999999977183,"failureMessages":[],"meta":{},"tags":[]},{"ancestorTitles":["profileUtils"],"fullName":"profileUtils rejects invalid phone input","status":"passed","title":"rejects invalid phone input","duration":0.5146000000022468,"failureMessages":[],"meta":{},"tags":[]},{"ancestorTitles":["profileUtils"],"fullName":"profileUtils builds a stable export payload with defaults","status":"passed","title":"builds a stable export payload with defaults","duration":5.893799999998009,"failureMessages":[],"meta":{},"tags":[]}],"startTime":1776038168655,"endTime":1776038168671.8938,"status":"passed","message":"","name":"C:/Users/user/OneDrive/Desktop/Wdoubleme/tests/unit/features/profileUtils.test.ts"},{"assertionResults":[{"ancestorTitles":["walletControllerUtils"],"fullName":"walletControllerUtils returns a human-friendly message from Error objects","status":"passed","title":"returns a human-friendly message from Error objects","duration":9.539800000000469,"failureMessages":[],"meta":{},"tags":[]},{"ancestorTitles":["walletControllerUtils"],"fullName":"walletControllerUtils falls back when the incoming error is empty or unknown","status":"passed","title":"falls back when the incoming error is empty or unknown","duration":0.8031000000009954,"failureMessages":[],"meta":{},"tags":[]},{"ancestorTitles":["walletControllerUtils"],"fullName":"walletControllerUtils detects the newest wallet transaction introduced by a refresh","status":"passed","title":"detects the newest wallet transaction introduced by a refresh","duration":0.967000000000553,"failureMessages":[],"meta":{},"tags":[]},{"ancestorTitles":["walletControllerUtils"],"fullName":"walletControllerUtils returns null when a refresh does not introduce a new transaction","status":"passed","title":"returns null when a refresh does not introduce a new transaction","duration":0.7921999999998661,"failureMessages":[],"meta":{},"tags":[]}],"startTime":1776038179979,"endTime":1776038179991.7922,"status":"passed","message":"","name":"C:/Users/user/OneDrive/Desktop/Wdoubleme/tests/unit/features/walletControllerUtils.test.ts"},{"assertionResults":[{"ancestorTitles":["communication runtime helpers"],"fullName":"communication runtime helpers maps channels to providers","status":"passed","title":"maps channels to providers","duration":53.11859999999979,"failureMessages":[],"meta":{},"tags":[]},{"ancestorTitles":["communication runtime helpers"],"fullName":"communication runtime helpers normalizes phone destinations","status":"passed","title":"normalizes phone destinations","duration":0.7421999999996842,"failureMessages":[],"meta":{},"tags":[]},{"ancestorTitles":["communication runtime helpers"],"fullName":"communication runtime helpers builds a retry schedule with exponential backoff","status":"passed","title":"builds a retry schedule with exponential backoff","duration":1.1226000000006024,"failureMessages":[],"meta":{},"tags":[]},{"ancestorTitles":["communication runtime helpers"],"fullName":"communication runtime helpers marks failures terminally when attempts are exhausted","status":"passed","title":"marks failures terminally when attempts are exhausted","duration":42.41110000000026,"failureMessages":[],"meta":{},"tags":[]},{"ancestorTitles":["communication runtime helpers"],"fullName":"communication runtime helpers builds resend payloads with subject and body","status":"passed","title":"builds resend payloads with subject and body","duration":2.9871000000002823,"failureMessages":[],"meta":{},"tags":[]},{"ancestorTitles":["communication runtime helpers"],"fullName":"communication runtime helpers builds twilio requests for whatsapp","status":"passed","title":"builds twilio requests for whatsapp","duration":8.915799999999763,"failureMessages":[],"meta":{},"tags":[]},{"ancestorTitles":["communication runtime helpers"],"fullName":"communication runtime helpers maps webhook states into lifecycle states","status":"passed","title":"maps webhook states into lifecycle states","duration":0.7911000000003696,"failureMessages":[],"meta":{},"tags":[]},{"ancestorTitles":["communication runtime helpers"],"fullName":"communication runtime helpers validates webhook tokens from the url","status":"passed","title":"validates webhook tokens from the url","duration":8.238299999999981,"failureMessages":[],"meta":{},"tags":[]}],"startTime":1776038136341,"endTime":1776038136487.2383,"status":"passed","message":"","name":"C:/Users/user/OneDrive/Desktop/Wdoubleme/tests/unit/server/communication-runtime.test.ts"},{"assertionResults":[{"ancestorTitles":["two-factor runtime helpers"],"fullName":"two-factor runtime helpers generates a base32 secret and otpauth url","status":"passed","title":"generates a base32 secret and otpauth url","duration":10.743000000000393,"failureMessages":[],"meta":{},"tags":[]},{"ancestorTitles":["two-factor runtime helpers"],"fullName":"two-factor runtime helpers creates distinct backup codes and hashes them","status":"passed","title":"creates distinct backup codes and hashes them","duration":13.002800000000207,"failureMessages":[],"meta":{},"tags":[]},{"ancestorTitles":["two-factor runtime helpers"],"fullName":"two-factor runtime helpers sanitizes and verifies backup codes case-insensitively","status":"passed","title":"sanitizes and verifies backup codes case-insensitively","duration":4.35570000000007,"failureMessages":[],"meta":{},"tags":[]},{"ancestorTitles":["two-factor runtime helpers"],"fullName":"two-factor runtime helpers accepts a hashed backup code challenge when totp does not match","status":"passed","title":"accepts a hashed backup code challenge when totp does not match","duration":4.246200000001409,"failureMessages":[],"meta":{},"tags":[]},{"ancestorTitles":["two-factor runtime helpers"],"fullName":"two-factor runtime helpers rejects backup codes when the flow requires an authenticator code","status":"passed","title":"rejects backup codes when the flow requires an authenticator code","duration":2.7906000000002678,"failureMessages":[],"meta":{},"tags":[]}],"startTime":1776038082704,"endTime":1776038082739.7905,"status":"passed","message":"","name":"C:/Users/user/OneDrive/Desktop/Wdoubleme/tests/unit/server/two-factor-runtime.test.ts"},{"assertionResults":[{"ancestorTitles":["AppEntryPage"],"fullName":"AppEntryPage shows guest CTA copy by default","status":"passed","title":"shows guest CTA copy by default","duration":2339.435199999999,"failureMessages":[],"meta":{},"tags":[]},{"ancestorTitles":["AppEntryPage"],"fullName":"AppEntryPage routes guest email entry to the auth page with a return target","status":"passed","title":"routes guest email entry to the auth page with a return target","duration":561.8173999999999,"failureMessages":[],"meta":{},"tags":[]},{"ancestorTitles":["AppEntryPage"],"fullName":"AppEntryPage routes guest header auth buttons to sign in and sign up","status":"passed","title":"routes guest header auth buttons to sign in and sign up","duration":493.54449999999997,"failureMessages":[],"meta":{},"tags":[]},{"ancestorTitles":["AppEntryPage"],"fullName":"AppEntryPage starts Google auth from the landing gateway","status":"passed","title":"starts Google auth from the landing gateway","duration":476.35390000000007,"failureMessages":[],"meta":{},"tags":[]},{"ancestorTitles":["AppEntryPage"],"fullName":"AppEntryPage starts Facebook auth from the landing gateway","status":"passed","title":"starts Facebook auth from the landing gateway","duration":455.7402000000002,"failureMessages":[],"meta":{},"tags":[]},{"ancestorTitles":["AppEntryPage"],"fullName":"AppEntryPage navigates authenticated users straight into the app","status":"passed","title":"navigates authenticated users straight into the app","duration":348.7483000000011,"failureMessages":[],"meta":{},"tags":[]},{"ancestorTitles":["AppEntryPage"],"fullName":"AppEntryPage renders Arabic landing copy when Arabic is active","status":"passed","title":"renders Arabic landing copy when Arabic is active","duration":284.67949999999837,"failureMessages":[],"meta":{},"tags":[]}],"startTime":1776037950909,"endTime":1776037955869.6794,"status":"passed","message":"","name":"C:/Users/user/OneDrive/Desktop/Wdoubleme/tests/unit/pages/AppEntryPage.test.tsx"},{"assertionResults":[{"ancestorTitles":["ProfilePage"],"fullName":"ProfilePage shows a sign-in gate when no profile is loaded","status":"passed","title":"shows a sign-in gate when no profile is loaded","duration":659.7736999999997,"failureMessages":[],"meta":{},"tags":[]},{"ancestorTitles":["ProfilePage"],"fullName":"ProfilePage renders the production readiness summary for authenticated users","status":"passed","title":"renders the production readiness summary for authenticated users","duration":4538.443699999999,"failureMessages":[],"meta":{},"tags":[]}],"startTime":1776037959231,"endTime":1776037964429.4436,"status":"passed","message":"","name":"C:/Users/user/OneDrive/Desktop/Wdoubleme/tests/unit/pages/ProfilePage.test.tsx"},{"assertionResults":[{"ancestorTitles":["WaselAuth"],"fullName":"WaselAuth blocks signup when the password is weak","status":"passed","title":"blocks signup when the password is weak","duration":1288.9220999999998,"failureMessages":[],"meta":{},"tags":[]},{"ancestorTitles":["WaselAuth"],"fullName":"WaselAuth allows signup without a phone number","status":"passed","title":"allows signup without a phone number","duration":440.6794999999993,"failureMessages":[],"meta":{},"tags":[]},{"ancestorTitles":["WaselAuth"],"fullName":"WaselAuth submits signup with the full backend payload once inputs are valid","status":"passed","title":"submits signup with the full backend payload once inputs are valid","duration":275.8666000000003,"failureMessages":[],"meta":{},"tags":[]},{"ancestorTitles":["WaselAuth"],"fullName":"WaselAuth passes the return target into Google and Facebook auth","status":"passed","title":"passes the return target into Google and Facebook auth","duration":296.21230000000014,"failureMessages":[],"meta":{},"tags":[]},{"ancestorTitles":["WaselAuth"],"fullName":"WaselAuth opens WhatsApp support when configured","status":"passed","title":"opens WhatsApp support when configured","duration":187.15979999999945,"failureMessages":[],"meta":{},"tags":[]}],"startTime":1776037950651,"endTime":1776037953140.16,"status":"passed","message":"","name":"C:/Users/user/OneDrive/Desktop/Wdoubleme/tests/unit/pages/WaselAuth.test.tsx"},{"assertionResults":[{"ancestorTitles":["WaselAuthCallback"],"fullName":"WaselAuthCallback redirects into the app when opened in the same tab","status":"passed","title":"redirects into the app when opened in the same tab","duration":828.6614,"failureMessages":[],"meta":{},"tags":[]},{"ancestorTitles":["WaselAuthCallback"],"fullName":"WaselAuthCallback shows an error when auth completion fails","status":"passed","title":"shows an error when auth completion fails","duration":254.8725000000004,"failureMessages":[],"meta":{},"tags":[]}],"startTime":1776037987148,"endTime":1776037988230.8726,"status":"passed","message":"","name":"C:/Users/user/OneDrive/Desktop/Wdoubleme/tests/unit/pages/WaselAuthCallback.test.tsx"},{"assertionResults":[{"ancestorTitles":["activeTripAPI.getActiveTrip()"],"fullName":"activeTripAPI.getActiveTrip() returns the active trip on success","status":"passed","title":"returns the active trip on success","duration":113.61540000000059,"failureMessages":[],"meta":{},"tags":[]},{"ancestorTitles":["activeTripAPI.getActiveTrip()"],"fullName":"activeTripAPI.getActiveTrip() returns null when the server responds with a non-OK status","status":"passed","title":"returns null when the server responds with a non-OK status","duration":1.1312999999991007,"failureMessages":[],"meta":{},"tags":[]},{"ancestorTitles":["activeTripAPI.getActiveTrip()"],"fullName":"activeTripAPI.getActiveTrip() returns null when the response has no activeTrip property","status":"passed","title":"returns null when the response has no activeTrip property","duration":12.833400000001348,"failureMessages":[],"meta":{},"tags":[]},{"ancestorTitles":["activeTripAPI.getActiveTrip()"],"fullName":"activeTripAPI.getActiveTrip() returns null on network error without throwing","status":"passed","title":"returns null on network error without throwing","duration":403.10310000000027,"failureMessages":[],"meta":{},"tags":[]},{"ancestorTitles":["activeTripAPI.getActiveTrip()"],"fullName":"activeTripAPI.getActiveTrip() returns null on AbortError","status":"passed","title":"returns null on AbortError","duration":1.550199999997858,"failureMessages":[],"meta":{},"tags":[]},{"ancestorTitles":["activeTripAPI.getActiveTrip()"],"fullName":"activeTripAPI.getActiveTrip() sends the Authorization header","status":"passed","title":"sends the Authorization header","duration":58.60450000000128,"failureMessages":[],"meta":{},"tags":[]},{"ancestorTitles":["activeTripAPI.getActiveTrip()"],"fullName":"activeTripAPI.getActiveTrip() calls the correct endpoint URL","status":"passed","title":"calls the correct endpoint URL","duration":68.39349999999831,"failureMessages":[],"meta":{},"tags":[]},{"ancestorTitles":["activeTripAPI.getActiveTrip()"],"fullName":"activeTripAPI.getActiveTrip() preserves all driver fields from response","status":"passed","title":"preserves all driver fields from response","duration":22.25720000000001,"failureMessages":[],"meta":{},"tags":[]},{"ancestorTitles":["activeTripAPI.getActiveTrip()"],"fullName":"activeTripAPI.getActiveTrip() preserves vehicle fields from response","status":"passed","title":"preserves vehicle fields from response","duration":252.49960000000283,"failureMessages":[],"meta":{},"tags":[]},{"ancestorTitles":["activeTripAPI.setActiveTrip()"],"fullName":"activeTripAPI.setActiveTrip() returns the created active trip on success","status":"passed","title":"returns the created active trip on success","duration":0.9877999999989697,"failureMessages":[],"meta":{},"tags":[]},{"ancestorTitles":["activeTripAPI.setActiveTrip()"],"fullName":"activeTripAPI.setActiveTrip() returns null when server responds with non-OK status","status":"passed","title":"returns null when server responds with non-OK status","duration":53.974700000002485,"failureMessages":[],"meta":{},"tags":[]},{"ancestorTitles":["activeTripAPI.setActiveTrip()"],"fullName":"activeTripAPI.setActiveTrip() returns null on network failure without throwing","status":"passed","title":"returns null on network failure without throwing","duration":26.696900000002643,"failureMessages":[],"meta":{},"tags":[]},{"ancestorTitles":["activeTripAPI.setActiveTrip()"],"fullName":"activeTripAPI.setActiveTrip() uses POST method","status":"passed","title":"uses POST method","duration":25.112200000003213,"failureMessages":[],"meta":{},"tags":[]},{"ancestorTitles":["activeTripAPI.setActiveTrip()"],"fullName":"activeTripAPI.setActiveTrip() includes Content-Type application/json header","status":"passed","title":"includes Content-Type application/json header","duration":205.61969999999928,"failureMessages":[],"meta":{},"tags":[]},{"ancestorTitles":["activeTripAPI.setActiveTrip()"],"fullName":"activeTripAPI.setActiveTrip() serialises trip data in the request body","status":"passed","title":"serialises trip data in the request body","duration":4.603599999998551,"failureMessages":[],"meta":{},"tags":[]},{"ancestorTitles":["activeTripAPI.patchActiveTrip()"],"fullName":"activeTripAPI.patchActiveTrip() returns the patched trip on success","status":"passed","title":"returns the patched trip on success","duration":1.0434999999997672,"failureMessages":[],"meta":{},"tags":[]},{"ancestorTitles":["activeTripAPI.patchActiveTrip()"],"fullName":"activeTripAPI.patchActiveTrip() returns null when server responds with non-OK status","status":"passed","title":"returns null when server responds with non-OK status","duration":0.35540000000037253,"failureMessages":[],"meta":{},"tags":[]},{"ancestorTitles":["activeTripAPI.patchActiveTrip()"],"fullName":"activeTripAPI.patchActiveTrip() returns null on network error","status":"passed","title":"returns null on network error","duration":33.58139999999912,"failureMessages":[],"meta":{},"tags":[]},{"ancestorTitles":["activeTripAPI.patchActiveTrip()"],"fullName":"activeTripAPI.patchActiveTrip() uses PATCH method","status":"passed","title":"uses PATCH method","duration":1.092899999999645,"failureMessages":[],"meta":{},"tags":[]},{"ancestorTitles":["activeTripAPI.patchActiveTrip()"],"fullName":"activeTripAPI.patchActiveTrip() sends only the patched fields in body","status":"passed","title":"sends only the patched fields in body","duration":54.94499999999971,"failureMessages":[],"meta":{},"tags":[]},{"ancestorTitles":["activeTripAPI.patchActiveTrip()"],"fullName":"activeTripAPI.patchActiveTrip() can patch updatedAt alongside status","status":"passed","title":"can patch updatedAt alongside status","duration":0.9006999999983236,"failureMessages":[],"meta":{},"tags":[]},{"ancestorTitles":["activeTripAPI.clearActiveTrip()"],"fullName":"activeTripAPI.clearActiveTrip() returns true when the server responds with OK","status":"passed","title":"returns true when the server responds with OK","duration":41.302700000000186,"failureMessages":[],"meta":{},"tags":[]},{"ancestorTitles":["activeTripAPI.clearActiveTrip()"],"fullName":"activeTripAPI.clearActiveTrip() returns false when server responds with non-OK status","status":"passed","title":"returns false when server responds with non-OK status","duration":0.501299999999901,"failureMessages":[],"meta":{},"tags":[]},{"ancestorTitles":["activeTripAPI.clearActiveTrip()"],"fullName":"activeTripAPI.clearActiveTrip() returns false on network error without throwing","status":"passed","title":"returns false on network error without throwing","duration":23.753100000001723,"failureMessages":[],"meta":{},"tags":[]},{"ancestorTitles":["activeTripAPI.clearActiveTrip()"],"fullName":"activeTripAPI.clearActiveTrip() uses DELETE method","status":"passed","title":"uses DELETE method","duration":0.6851999999998952,"failureMessages":[],"meta":{},"tags":[]},{"ancestorTitles":["activeTripAPI.clearActiveTrip()"],"fullName":"activeTripAPI.clearActiveTrip() calls the correct endpoint","status":"passed","title":"calls the correct endpoint","duration":0.4514999999992142,"failureMessages":[],"meta":{},"tags":[]},{"ancestorTitles":["activeTripAPI.clearActiveTrip()"],"fullName":"activeTripAPI.clearActiveTrip() sends the Authorization header on clear","status":"passed","title":"sends the Authorization header on clear","duration":0.5054999999993015,"failureMessages":[],"meta":{},"tags":[]}],"startTime":1776038055853,"endTime":1776038057562.5056,"status":"passed","message":"","name":"C:/Users/user/OneDrive/Desktop/Wdoubleme/tests/unit/services/activeTrip.test.ts"},{"assertionResults":[{"ancestorTitles":["getAuthCallbackUrl"],"fullName":"getAuthCallbackUrl appends the callback path to the given origin","status":"passed","title":"appends the callback path to the given origin","duration":69.16809999999987,"failureMessages":[],"meta":{},"tags":[]},{"ancestorTitles":["getAuthCallbackUrl"],"fullName":"getAuthCallbackUrl strips a trailing slash from the origin","status":"passed","title":"strips a trailing slash from the origin","duration":57.96179999999913,"failureMessages":[],"meta":{},"tags":[]},{"ancestorTitles":["getAuthCallbackUrl"],"fullName":"getAuthCallbackUrl falls back to VITE_APP_URL when no origin is provided","status":"passed","title":"falls back to VITE_APP_URL when no origin is provided","duration":103.71389999999974,"failureMessages":[],"meta":{},"tags":[]},{"ancestorTitles":["getConfig"],"fullName":"getConfig returns a stable shape","status":"passed","title":"returns a stable shape","duration":55.568199999999706,"failureMessages":[],"meta":{},"tags":[]},{"ancestorTitles":["getConfig"],"fullName":"getConfig authCallbackPath always starts with /","status":"passed","title":"authCallbackPath always starts with /","duration":50.066100000000006,"failureMessages":[],"meta":{},"tags":[]},{"ancestorTitles":["getConfig"],"fullName":"getConfig enableTwoFactorAuth is a boolean","status":"passed","title":"enableTwoFactorAuth is a boolean","duration":49.18579999999929,"failureMessages":[],"meta":{},"tags":[]},{"ancestorTitles":["auth token validation rules"],"fullName":"auth token validation rules identifies a well-formed JWT structure","status":"passed","title":"identifies a well-formed JWT structure","duration":0.4774999999999636,"failureMessages":[],"meta":{},"tags":[]},{"ancestorTitles":["auth token validation rules"],"fullName":"auth token validation rules rejects tokens with wrong number of segments","status":"passed","title":"rejects tokens with wrong number of segments","duration":0.45120000000042637,"failureMessages":[],"meta":{},"tags":[]},{"ancestorTitles":["auth error normalisation"],"fullName":"auth error normalisation extracts message from Error instances","status":"passed","title":"extracts message from Error instances","duration":0.6455999999998312,"failureMessages":[],"meta":{},"tags":[]},{"ancestorTitles":["auth error normalisation"],"fullName":"auth error normalisation passes string errors through","status":"passed","title":"passes string errors through","duration":2.3578999999999724,"failureMessages":[],"meta":{},"tags":[]},{"ancestorTitles":["auth error normalisation"],"fullName":"auth error normalisation returns fallback for unknown error types","status":"passed","title":"returns fallback for unknown error types","duration":1.2917999999999665,"failureMessages":[],"meta":{},"tags":[]}],"startTime":1776037981049,"endTime":1776037981442.2917,"status":"passed","message":"","name":"C:/Users/user/OneDrive/Desktop/Wdoubleme/tests/unit/services/auth.test.ts"},{"assertionResults":[{"ancestorTitles":["authAPI.getProfile"],"fullName":"authAPI.getProfile merges verification record data into the profile returned by the backend","status":"passed","title":"merges verification record data into the profile returned by the backend","duration":67.59199999999964,"failureMessages":[],"meta":{},"tags":[]},{"ancestorTitles":["authAPI.getProfile"],"fullName":"authAPI.getProfile uses the direct Supabase profile path when the edge endpoint is unavailable","status":"passed","title":"uses the direct Supabase profile path when the edge endpoint is unavailable","duration":14.489000000000487,"failureMessages":[],"meta":{},"tags":[]}],"startTime":1776038133823,"endTime":1776038133905.489,"status":"passed","message":"","name":"C:/Users/user/OneDrive/Desktop/Wdoubleme/tests/unit/services/authProfile.test.ts"},{"assertionResults":[{"ancestorTitles":["backend fallback services"],"fullName":"backend fallback services uses Supabase auth signUp directly when the edge auth endpoint is unavailable","status":"passed","title":"uses Supabase auth signUp directly when the edge auth endpoint is unavailable","duration":19.573100000001432,"failureMessages":[],"meta":{},"tags":[]},{"ancestorTitles":["backend fallback services"],"fullName":"backend fallback services reads the profile directly from Supabase when the edge profile endpoint is unavailable","status":"passed","title":"reads the profile directly from Supabase when the edge profile endpoint is unavailable","duration":3.4719999999997526,"failureMessages":[],"meta":{},"tags":[]},{"ancestorTitles":["backend fallback services"],"fullName":"backend fallback services updates the profile directly through Supabase when the edge update endpoint returns an error","status":"passed","title":"updates the profile directly through Supabase when the edge update endpoint returns an error","duration":11.902500000000146,"failureMessages":[],"meta":{},"tags":[]},{"ancestorTitles":["backend fallback services"],"fullName":"backend fallback services fails closed for profile updates when direct fallback is disabled","status":"passed","title":"fails closed for profile updates when direct fallback is disabled","duration":5.8237000000008265,"failureMessages":[],"meta":{},"tags":[]},{"ancestorTitles":["backend fallback services"],"fullName":"backend fallback services creates trips through the direct Supabase adapter when the edge trip endpoint is unavailable","status":"passed","title":"creates trips through the direct Supabase adapter when the edge trip endpoint is unavailable","duration":8.318699999999808,"failureMessages":[],"meta":{},"tags":[]},{"ancestorTitles":["backend fallback services"],"fullName":"backend fallback services searches trips through the direct Supabase adapter when the public edge search endpoint is unavailable","status":"passed","title":"searches trips through the direct Supabase adapter when the public edge search endpoint is unavailable","duration":2.791900000000169,"failureMessages":[],"meta":{},"tags":[]}],"startTime":1776038087748,"endTime":1776038087800.792,"status":"passed","message":"","name":"C:/Users/user/OneDrive/Desktop/Wdoubleme/tests/unit/services/backendFallback.test.ts"},{"assertionResults":[{"ancestorTitles":["bookingsAPI.createBooking()"],"fullName":"bookingsAPI.createBooking() returns the booking from the edge API on success","status":"passed","title":"returns the booking from the edge API on success","duration":6.641600000000835,"failureMessages":[],"meta":{},"tags":[]},{"ancestorTitles":["bookingsAPI.createBooking()"],"fullName":"bookingsAPI.createBooking() uses POST method","status":"passed","title":"uses POST method","duration":0.8374999999996362,"failureMessages":[],"meta":{},"tags":[]},{"ancestorTitles":["bookingsAPI.createBooking()"],"fullName":"bookingsAPI.createBooking() includes Authorization header","status":"passed","title":"includes Authorization header","duration":3.5756000000001222,"failureMessages":[],"meta":{},"tags":[]},{"ancestorTitles":["bookingsAPI.createBooking()"],"fullName":"bookingsAPI.createBooking() serialises trip_id and seats_requested in body","status":"passed","title":"serialises trip_id and seats_requested in body","duration":1.2384000000001834,"failureMessages":[],"meta":{},"tags":[]},{"ancestorTitles":["bookingsAPI.createBooking()"],"fullName":"bookingsAPI.createBooking() falls back to directSupabase on network error","status":"passed","title":"falls back to directSupabase on network error","duration":1.5388999999995576,"failureMessages":[],"meta":{},"tags":[]},{"ancestorTitles":["bookingsAPI.createBooking()"],"fullName":"bookingsAPI.createBooking() throws when API returns error body","status":"passed","title":"throws when API returns error body","duration":3.8074999999989814,"failureMessages":[],"meta":{},"tags":[]},{"ancestorTitles":["bookingsAPI.createBooking()"],"fullName":"bookingsAPI.createBooking() accepts optional metadata","status":"passed","title":"accepts optional metadata","duration":0.671199999998862,"failureMessages":[],"meta":{},"tags":[]},{"ancestorTitles":["bookingsAPI.getUserBookings()"],"fullName":"bookingsAPI.getUserBookings() returns the user bookings from the edge API","status":"passed","title":"returns the user bookings from the edge API","duration":2.274599999998827,"failureMessages":[],"meta":{},"tags":[]},{"ancestorTitles":["bookingsAPI.getUserBookings()"],"fullName":"bookingsAPI.getUserBookings() includes Authorization header","status":"passed","title":"includes Authorization header","duration":1.2883999999994558,"failureMessages":[],"meta":{},"tags":[]},{"ancestorTitles":["bookingsAPI.getUserBookings()"],"fullName":"bookingsAPI.getUserBookings() includes the userId in the URL","status":"passed","title":"includes the userId in the URL","duration":1.1273000000001048,"failureMessages":[],"meta":{},"tags":[]},{"ancestorTitles":["bookingsAPI.getUserBookings()"],"fullName":"bookingsAPI.getUserBookings() throws on non-OK response","status":"passed","title":"throws on non-OK response","duration":1.0552999999999884,"failureMessages":[],"meta":{},"tags":[]}],"startTime":1776038097356,"endTime":1776038097381.0554,"status":"passed","message":"","name":"C:/Users/user/OneDrive/Desktop/Wdoubleme/tests/unit/services/bookings.test.ts"},{"assertionResults":[{"ancestorTitles":["bus service"],"fullName":"bus service normalizes backend strings into bus-friendly route fields","status":"passed","title":"normalizes backend strings into bus-friendly route fields","duration":8.298300000000381,"failureMessages":[],"meta":{},"tags":[]},{"ancestorTitles":["bus service"],"fullName":"bus service returns only real bus inventory from trip search results","status":"passed","title":"returns only real bus inventory from trip search results","duration":5.921399999999267,"failureMessages":[],"meta":{},"tags":[]},{"ancestorTitles":["bus service"],"fullName":"bus service falls back to the official Jordan schedule network when no live bus inventory is returned","status":"passed","title":"falls back to the official Jordan schedule network when no live bus inventory is returned","duration":1.3155000000006112,"failureMessages":[],"meta":{},"tags":[]},{"ancestorTitles":["bus service"],"fullName":"bus service returns the wider official network when an exact official route is missing","status":"passed","title":"returns the wider official network when an exact official route is missing","duration":1.6336000000010245,"failureMessages":[],"meta":{},"tags":[]},{"ancestorTitles":["bus service"],"fullName":"bus service stores a local backup booking when the booking API fails","status":"passed","title":"stores a local backup booking when the booking API fails","duration":99.17679999999928,"failureMessages":[],"meta":{},"tags":[]}],"startTime":1776038018196,"endTime":1776038018313.1768,"status":"passed","message":"","name":"C:/Users/user/OneDrive/Desktop/Wdoubleme/tests/unit/services/bus.test.ts"},{"assertionResults":[{"ancestorTitles":["communicationPreferences"],"fullName":"communicationPreferences maps notification types to delivery topics","status":"passed","title":"maps notification types to delivery topics","duration":5.928600000000188,"failureMessages":[],"meta":{},"tags":[]},{"ancestorTitles":["communicationPreferences"],"fullName":"communicationPreferences detects available communication capabilities from contact data","status":"passed","title":"detects available communication capabilities from contact data","duration":59.10739999999987,"failureMessages":[],"meta":{},"tags":[]},{"ancestorTitles":["communicationPreferences"],"fullName":"communicationPreferences builds a delivery plan using explicit channel requests and prefs","status":"passed","title":"builds a delivery plan using explicit channel requests and prefs","duration":2.306999999999789,"failureMessages":[],"meta":{},"tags":[]},{"ancestorTitles":["communicationPreferences"],"fullName":"communicationPreferences stores preferences locally and returns queued fallback records","status":"passed","title":"stores preferences locally and returns queued fallback records","duration":6.919499999999971,"failureMessages":[],"meta":{},"tags":[]}],"startTime":1776038025724,"endTime":1776038025797.9194,"status":"passed","message":"","name":"C:/Users/user/OneDrive/Desktop/Wdoubleme/tests/unit/services/communicationPreferences.test.ts"},{"assertionResults":[{"ancestorTitles":["services/core performance behaviors"],"fullName":"services/core performance behaviors deduplicates concurrent probeBackendHealth requests","status":"passed","title":"deduplicates concurrent probeBackendHealth requests","duration":43.77729999999974,"failureMessages":[],"meta":{},"tags":[]},{"ancestorTitles":["services/core performance behaviors"],"fullName":"services/core performance behaviors deduplicates concurrent GET requests in fetchWithRetry","status":"passed","title":"deduplicates concurrent GET requests in fetchWithRetry","duration":29.143299999999726,"failureMessages":[],"meta":{},"tags":[]}],"startTime":1776038039764,"endTime":1776038039837.1433,"status":"passed","message":"","name":"C:/Users/user/OneDrive/Desktop/Wdoubleme/tests/unit/services/corePerformance.test.ts"},{"assertionResults":[{"ancestorTitles":["corridorCommercial"],"fullName":"corridorCommercial builds recurring contract snapshots across corporate, school, and provider lanes","status":"passed","title":"builds recurring contract snapshots across corporate, school, and provider lanes","duration":28.97609999999986,"failureMessages":[],"meta":{},"tags":[]}],"startTime":1776038075821,"endTime":1776038075849.976,"status":"passed","message":"","name":"C:/Users/user/OneDrive/Desktop/Wdoubleme/tests/unit/services/corridorCommercial.test.ts"},{"assertionResults":[{"ancestorTitles":["corridorTruth"],"fullName":"corridorTruth builds a shared corridor truth snapshot with pricing and readiness fields","status":"passed","title":"builds a shared corridor truth snapshot with pricing and readiness fields","duration":25.35110000000077,"failureMessages":[],"meta":{},"tags":[]},{"ancestorTitles":["corridorTruth"],"fullName":"corridorTruth quotes ad-hoc route movement through the same shared pricing path","status":"passed","title":"quotes ad-hoc route movement through the same shared pricing path","duration":3.96770000000015,"failureMessages":[],"meta":{},"tags":[]}],"startTime":1776038134222,"endTime":1776038134251.9678,"status":"passed","message":"","name":"C:/Users/user/OneDrive/Desktop/Wdoubleme/tests/unit/services/corridorTruth.test.ts"},{"assertionResults":[{"ancestorTitles":["dataIntegrity"],"fullName":"dataIntegrity accepts phone-only profile updates so first-time phone saves can persist","status":"passed","title":"accepts phone-only profile updates so first-time phone saves can persist","duration":8.273600000000442,"failureMessages":[],"meta":{},"tags":[]},{"ancestorTitles":["dataIntegrity"],"fullName":"dataIntegrity canonicalizes local and 00-prefixed phone updates before profile validation","status":"passed","title":"canonicalizes local and 00-prefixed phone updates before profile validation","duration":2.143000000000029,"failureMessages":[],"meta":{},"tags":[]},{"ancestorTitles":["dataIntegrity"],"fullName":"dataIntegrity rejects malformed trip writes before they hit the API or database","status":"passed","title":"rejects malformed trip writes before they hit the API or database","duration":3.2028999999993175,"failureMessages":[],"meta":{},"tags":[]},{"ancestorTitles":["dataIntegrity"],"fullName":"dataIntegrity does not retry unsafe writes unless explicitly enabled","status":"passed","title":"does not retry unsafe writes unless explicitly enabled","duration":9.182999999999993,"failureMessages":[],"meta":{},"tags":[]},{"ancestorTitles":["dataIntegrity"],"fullName":"dataIntegrity retries transient failures only when the operation opts into transient retries","status":"passed","title":"retries transient failures only when the operation opts into transient retries","duration":174.08449999999993,"failureMessages":[],"meta":{},"tags":[]}],"startTime":1776037995341,"endTime":1776037995538.0845,"status":"passed","message":"","name":"C:/Users/user/OneDrive/Desktop/Wdoubleme/tests/unit/services/dataIntegrity.test.ts"},{"assertionResults":[{"ancestorTitles":["demandCapture"],"fullName":"demandCapture deduplicates active alerts for the same corridor","status":"passed","title":"deduplicates active alerts for the same corridor","duration":29.71640000000025,"failureMessages":[],"meta":{},"tags":[]}],"startTime":1776037989358,"endTime":1776037989387.7163,"status":"passed","message":"","name":"C:/Users/user/OneDrive/Desktop/Wdoubleme/tests/unit/services/demandCapture.test.ts"},{"assertionResults":[{"ancestorTitles":["direct Supabase automation RPCs"],"fullName":"direct Supabase automation RPCs uses the hardened RPC for automation job enqueue requests","status":"passed","title":"uses the hardened RPC for automation job enqueue requests","duration":13.794200000000274,"failureMessages":[],"meta":{},"tags":[]},{"ancestorTitles":["direct Supabase automation RPCs"],"fullName":"direct Supabase automation RPCs skips automation job enqueue work when there is no signed-in user","status":"passed","title":"skips automation job enqueue work when there is no signed-in user","duration":1.4343000000008033,"failureMessages":[],"meta":{},"tags":[]},{"ancestorTitles":["direct Supabase automation RPCs"],"fullName":"direct Supabase automation RPCs creates support tickets through the atomic RPC and returns the ticket timeline","status":"passed","title":"creates support tickets through the atomic RPC and returns the ticket timeline","duration":2.5515999999988708,"failureMessages":[],"meta":{},"tags":[]},{"ancestorTitles":["direct Supabase automation RPCs"],"fullName":"direct Supabase automation RPCs updates support tickets through the atomic status RPC","status":"passed","title":"updates support tickets through the atomic status RPC","duration":2.1684000000004744,"failureMessages":[],"meta":{},"tags":[]}],"startTime":1776038126746,"endTime":1776038126766.1685,"status":"passed","message":"","name":"C:/Users/user/OneDrive/Desktop/Wdoubleme/tests/unit/services/directSupabaseAutomationRpc.test.ts"},{"assertionResults":[{"ancestorTitles":["direct Supabase booking integrity"],"fullName":"direct Supabase booking integrity persists all booking fields instead of only returning them in memory","status":"passed","title":"persists all booking fields instead of only returning them in memory","duration":134.09299999999985,"failureMessages":[],"meta":{},"tags":[]}],"startTime":1776038112652,"endTime":1776038112786.093,"status":"passed","message":"","name":"C:/Users/user/OneDrive/Desktop/Wdoubleme/tests/unit/services/directSupabaseIntegrity.test.ts"},{"assertionResults":[{"ancestorTitles":["executionOperatingSystem"],"fullName":"executionOperatingSystem exposes a managed operating model with explicit governance primitives","status":"passed","title":"exposes a managed operating model with explicit governance primitives","duration":8.283000000000357,"failureMessages":[],"meta":{},"tags":[]}],"startTime":1776038128374,"endTime":1776038128382.283,"status":"passed","message":"","name":"C:/Users/user/OneDrive/Desktop/Wdoubleme/tests/unit/services/executionOperatingSystem.test.ts"},{"assertionResults":[{"ancestorTitles":["services/http"],"fullName":"services/http parses JSON responses safely","status":"passed","title":"parses JSON responses safely","duration":14.268199999999524,"failureMessages":[],"meta":{},"tags":[]},{"ancestorTitles":["services/http"],"fullName":"services/http returns null for non-JSON responses","status":"passed","title":"returns null for non-JSON responses","duration":0.9990999999999985,"failureMessages":[],"meta":{},"tags":[]},{"ancestorTitles":["services/http"],"fullName":"services/http maps 401 responses to AuthenticationError","status":"passed","title":"maps 401 responses to AuthenticationError","duration":2.331999999999425,"failureMessages":[],"meta":{},"tags":[]},{"ancestorTitles":["services/http"],"fullName":"services/http maps 422 responses to ValidationError","status":"passed","title":"maps 422 responses to ValidationError","duration":1.6139000000002852,"failureMessages":[],"meta":{},"tags":[]},{"ancestorTitles":["services/http"],"fullName":"services/http throws a WaselError when an error response is not ok","status":"passed","title":"throws a WaselError when an error response is not ok","duration":2.034599999999955,"failureMessages":[],"meta":{},"tags":[]},{"ancestorTitles":["services/http"],"fullName":"services/http sanitizes email and text fields consistently","status":"passed","title":"sanitizes email and text fields consistently","duration":1.7681000000002314,"failureMessages":[],"meta":{},"tags":[]}],"startTime":1776038090627,"endTime":1776038090650.768,"status":"passed","message":"","name":"C:/Users/user/OneDrive/Desktop/Wdoubleme/tests/unit/services/http.test.ts"},{"assertionResults":[{"ancestorTitles":["journeyLogistics"],"fullName":"journeyLogistics creates a ride through the server and stores the normalized result locally","status":"passed","title":"creates a ride through the server and stores the normalized result locally","duration":653.1604000000007,"failureMessages":[],"meta":{},"tags":[]},{"ancestorTitles":["journeyLogistics"],"fullName":"journeyLogistics marks a package as matched to a rider trip when a compatible ride exists","status":"passed","title":"marks a package as matched to a rider trip when a compatible ride exists","duration":128.36439999999857,"failureMessages":[],"meta":{},"tags":[]},{"ancestorTitles":["journeyLogistics"],"fullName":"journeyLogistics progresses package verification from OTP handoff to final delivery","status":"passed","title":"progresses package verification from OTP handoff to final delivery","duration":41.05119999999988,"failureMessages":[],"meta":{},"tags":[]},{"ancestorTitles":["journeyLogistics"],"fullName":"journeyLogistics falls back to local package tracking when auth or server is unavailable","status":"passed","title":"falls back to local package tracking when auth or server is unavailable","duration":68.78709999999955,"failureMessages":[],"meta":{},"tags":[]},{"ancestorTitles":["journeyLogistics"],"fullName":"journeyLogistics rejects packages when sender and receiver cities are the same","status":"passed","title":"rejects packages when sender and receiver cities are the same","duration":56.43209999999999,"failureMessages":[],"meta":{},"tags":[]},{"ancestorTitles":["journeyLogistics"],"fullName":"journeyLogistics attempts to persist packages remotely when auth is available even without recipient details","status":"passed","title":"attempts to persist packages remotely when auth is available even without recipient details","duration":49.90279999999984,"failureMessages":[],"meta":{},"tags":[]},{"ancestorTitles":["journeyLogistics"],"fullName":"journeyLogistics creates a package via the server when recipient details are present","status":"passed","title":"creates a package via the server when recipient details are present","duration":19.13130000000092,"failureMessages":[],"meta":{},"tags":[]},{"ancestorTitles":["journeyLogistics"],"fullName":"journeyLogistics looks up remote package tracking when local state is empty","status":"passed","title":"looks up remote package tracking when local state is empty","duration":19.492599999999584,"failureMessages":[],"meta":{},"tags":[]}],"startTime":1776038008120,"endTime":1776038009167.4927,"status":"passed","message":"","name":"C:/Users/user/OneDrive/Desktop/Wdoubleme/tests/unit/services/journeyLogistics.test.ts"},{"assertionResults":[{"ancestorTitles":["movementMembership"],"fullName":"movementMembership activates Wasel Plus with renewal metadata","status":"passed","title":"activates Wasel Plus with renewal metadata","duration":16.7512999999999,"failureMessages":[],"meta":{},"tags":[]},{"ancestorTitles":["movementMembership"],"fullName":"movementMembership starts a commuter pass tied to a corridor","status":"passed","title":"starts a commuter pass tied to a corridor","duration":4.0570000000006985,"failureMessages":[],"meta":{},"tags":[]}],"startTime":1776038176562,"endTime":1776038176583.057,"status":"passed","message":"","name":"C:/Users/user/OneDrive/Desktop/Wdoubleme/tests/unit/services/movementMembership.test.ts"},{"assertionResults":[{"ancestorTitles":["movementPricing"],"fullName":"movementPricing includes demand metadata and corridor savings in quotes","status":"passed","title":"includes demand metadata and corridor savings in quotes","duration":7.467099999999846,"failureMessages":[],"meta":{},"tags":[]},{"ancestorTitles":["movementPricing"],"fullName":"movementPricing applies membership discounts and derives price pressure when needed","status":"passed","title":"applies membership discounts and derives price pressure when needed","duration":6.496600000000399,"failureMessages":[],"meta":{},"tags":[]}],"startTime":1776038105805,"endTime":1776038105819.4966,"status":"passed","message":"","name":"C:/Users/user/OneDrive/Desktop/Wdoubleme/tests/unit/services/movementPricing.test.ts"},{"assertionResults":[{"ancestorTitles":["notificationsAPI"],"fullName":"notificationsAPI stores a local fallback notification when auth is unavailable","status":"passed","title":"stores a local fallback notification when auth is unavailable","duration":11.353399999999965,"failureMessages":[],"meta":{},"tags":[]},{"ancestorTitles":["notificationsAPI"],"fullName":"notificationsAPI returns local notifications when the server list is unavailable","status":"passed","title":"returns local notifications when the server list is unavailable","duration":941.1417999999994,"failureMessages":[],"meta":{},"tags":[]},{"ancestorTitles":["notificationsAPI"],"fullName":"notificationsAPI persists server push notifications to the local queue for continuity","status":"passed","title":"persists server push notifications to the local queue for continuity","duration":11.16820000000007,"failureMessages":[],"meta":{},"tags":[]},{"ancestorTitles":["notificationsAPI"],"fullName":"notificationsAPI queues secondary communication deliveries when contact details are available","status":"passed","title":"queues secondary communication deliveries when contact details are available","duration":20.07930000000033,"failureMessages":[],"meta":{},"tags":[]}],"startTime":1776037994537,"endTime":1776037995521.0793,"status":"passed","message":"","name":"C:/Users/user/OneDrive/Desktop/Wdoubleme/tests/unit/services/notifications.test.ts"},{"assertionResults":[{"ancestorTitles":["packageTrackingService"],"fullName":"packageTrackingService creates an auditable timeline for package fulfillment","status":"passed","title":"creates an auditable timeline for package fulfillment","duration":14.572899999999208,"failureMessages":[],"meta":{},"tags":[]},{"ancestorTitles":["packageTrackingService"],"fullName":"packageTrackingService fails closed when trying to escrow payment before linking a ride","status":"passed","title":"fails closed when trying to escrow payment before linking a ride","duration":3.3228999999992084,"failureMessages":[],"meta":{},"tags":[]},{"ancestorTitles":["packageTrackingService"],"fullName":"packageTrackingService fails closed when trying to update package location before pickup","status":"passed","title":"fails closed when trying to update package location before pickup","duration":1.6612999999997555,"failureMessages":[],"meta":{},"tags":[]}],"startTime":1776038126503,"endTime":1776038126522.6614,"status":"passed","message":"","name":"C:/Users/user/OneDrive/Desktop/Wdoubleme/tests/unit/services/packageTrackingService.test.ts"},{"assertionResults":[{"ancestorTitles":["createRideBooking()"],"fullName":"createRideBooking() returns a RideBookingRecord with required fields","status":"passed","title":"returns a RideBookingRecord with required fields","duration":152.97760000000017,"failureMessages":[],"meta":{},"tags":[]},{"ancestorTitles":["createRideBooking()"],"fullName":"createRideBooking() live_post bookings start as pending_driver","status":"passed","title":"live_post bookings start as pending_driver","duration":13.69629999999961,"failureMessages":[],"meta":{},"tags":[]},{"ancestorTitles":["createRideBooking()"],"fullName":"createRideBooking() network_inventory bookings start as confirmed","status":"passed","title":"network_inventory bookings start as confirmed","duration":10.251000000000204,"failureMessages":[],"meta":{},"tags":[]},{"ancestorTitles":["createRideBooking()"],"fullName":"createRideBooking() treats unsynced network_inventory bookings as pending for customer-facing state","status":"passed","title":"treats unsynced network_inventory bookings as pending for customer-facing state","duration":10.281600000000253,"failureMessages":[],"meta":{},"tags":[]},{"ancestorTitles":["createRideBooking()"],"fullName":"createRideBooking() treats synced confirmed bookings as confirmed for customer-facing state","status":"passed","title":"treats synced confirmed bookings as confirmed for customer-facing state","duration":5.345400000000154,"failureMessages":[],"meta":{},"tags":[]},{"ancestorTitles":["createRideBooking()"],"fullName":"createRideBooking() defaults seatsRequested to 1 when not provided","status":"passed","title":"defaults seatsRequested to 1 when not provided","duration":8.675199999999677,"failureMessages":[],"meta":{},"tags":[]},{"ancestorTitles":["createRideBooking()"],"fullName":"createRideBooking() persists the booking to localStorage","status":"passed","title":"persists the booking to localStorage","duration":3.299099999999271,"failureMessages":[],"meta":{},"tags":[]},{"ancestorTitles":["createRideBooking()"],"fullName":"createRideBooking() each booking has a unique id","status":"passed","title":"each booking has a unique id","duration":10.937600000000202,"failureMessages":[],"meta":{},"tags":[]},{"ancestorTitles":["createRideBooking()"],"fullName":"createRideBooking() each booking has a unique ticketCode","status":"passed","title":"each booking has a unique ticketCode","duration":20.947799999999916,"failureMessages":[],"meta":{},"tags":[]},{"ancestorTitles":["createRideBooking()"],"fullName":"createRideBooking() createdAt and updatedAt are valid ISO timestamps","status":"passed","title":"createdAt and updatedAt are valid ISO timestamps","duration":15.419400000000678,"failureMessages":[],"meta":{},"tags":[]},{"ancestorTitles":["createRideBooking()"],"fullName":"createRideBooking() supportThreadOpen defaults to false","status":"passed","title":"supportThreadOpen defaults to false","duration":15.963800000000447,"failureMessages":[],"meta":{},"tags":[]},{"ancestorTitles":["createRideBooking()"],"fullName":"createRideBooking() creates a local-only booking when no passenger id is available for backend sync","status":"passed","title":"creates a local-only booking when no passenger id is available for backend sync","duration":12.614700000000084,"failureMessages":[],"meta":{},"tags":[]},{"ancestorTitles":["createRideBooking()"],"fullName":"createRideBooking() ownerId is preserved from input","status":"passed","title":"ownerId is preserved from input","duration":19.20640000000003,"failureMessages":[],"meta":{},"tags":[]},{"ancestorTitles":["getRideBookings()"],"fullName":"getRideBookings() returns empty array when no bookings exist","status":"passed","title":"returns empty array when no bookings exist","duration":7.983900000000176,"failureMessages":[],"meta":{},"tags":[]},{"ancestorTitles":["getRideBookings()"],"fullName":"getRideBookings() returns bookings sorted by updatedAt descending (most recent first)","status":"passed","title":"returns bookings sorted by updatedAt descending (most recent first)","duration":15.656800000000658,"failureMessages":[],"meta":{},"tags":[]},{"ancestorTitles":["getRideBookings()"],"fullName":"getRideBookings() returns all created bookings","status":"passed","title":"returns all created bookings","duration":15.300400000000081,"failureMessages":[],"meta":{},"tags":[]},{"ancestorTitles":["getBookingsForRide()"],"fullName":"getBookingsForRide() returns only bookings for the specified rideId","status":"passed","title":"returns only bookings for the specified rideId","duration":14.77560000000085,"failureMessages":[],"meta":{},"tags":[]},{"ancestorTitles":["getBookingsForRide()"],"fullName":"getBookingsForRide() returns empty array for unknown rideId","status":"passed","title":"returns empty array for unknown rideId","duration":13.697200000000521,"failureMessages":[],"meta":{},"tags":[]},{"ancestorTitles":["getBookingsForDriver()"],"fullName":"getBookingsForDriver() returns bookings where ownerId matches userId","status":"passed","title":"returns bookings where ownerId matches userId","duration":10.519200000000637,"failureMessages":[],"meta":{},"tags":[]},{"ancestorTitles":["getBookingsForPassenger()"],"fullName":"getBookingsForPassenger() filters by passenger name","status":"passed","title":"filters by passenger name","duration":7.293499999999767,"failureMessages":[],"meta":{},"tags":[]},{"ancestorTitles":["updateRideBooking()"],"fullName":"updateRideBooking() returns null for unknown bookingId","status":"passed","title":"returns null for unknown bookingId","duration":7.1226000000006024,"failureMessages":[],"meta":{},"tags":[]},{"ancestorTitles":["updateRideBooking()"],"fullName":"updateRideBooking() updates booking status","status":"passed","title":"updates booking status","duration":3.345600000000559,"failureMessages":[],"meta":{},"tags":[]},{"ancestorTitles":["updateRideBooking()"],"fullName":"updateRideBooking() updates payment status","status":"passed","title":"updates payment status","duration":11.714500000000044,"failureMessages":[],"meta":{},"tags":[]},{"ancestorTitles":["updateRideBooking()"],"fullName":"updateRideBooking() updates supportThreadOpen","status":"passed","title":"updates supportThreadOpen","duration":7.0393999999996595,"failureMessages":[],"meta":{},"tags":[]},{"ancestorTitles":["updateRideBooking()"],"fullName":"updateRideBooking() updates updatedAt timestamp","status":"passed","title":"updates updatedAt timestamp","duration":28.65849999999955,"failureMessages":[],"meta":{},"tags":[]},{"ancestorTitles":["updateRideBooking()"],"fullName":"updateRideBooking() persists the update in localStorage","status":"passed","title":"persists the update in localStorage","duration":13.717399999999543,"failureMessages":[],"meta":{},"tags":[]},{"ancestorTitles":["updateRideBooking()"],"fullName":"updateRideBooking() does not affect other bookings","status":"passed","title":"does not affect other bookings","duration":13.356499999999869,"failureMessages":[],"meta":{},"tags":[]},{"ancestorTitles":["updateRideBooking()"],"fullName":"updateRideBooking() rejects invalid lifecycle regressions","status":"passed","title":"rejects invalid lifecycle regressions","duration":11.216099999999642,"failureMessages":[],"meta":{},
[...]
 avatarUrl safety"],"fullName":"updateProfileSchema — avatarUrl safety rejects data: URI (potential XSS vector)","status":"passed","title":"rejects data: URI (potential XSS vector)","duration":0.4591000000000349,"failureMessages":[],"meta":{},"tags":[]},{"ancestorTitles":["updateProfileSchema — avatarUrl safety"],"fullName":"updateProfileSchema — avatarUrl safety accepts empty string (clearing avatar)","status":"passed","title":"accepts empty string (clearing avatar)","duration":0.5306999999993423,"failureMessages":[],"meta":{},"tags":[]},{"ancestorTitles":["offerRideSchema — numeric boundary values"],"fullName":"offerRideSchema — numeric boundary values accepts price of exactly 0.01","status":"passed","title":"accepts price of exactly 0.01","duration":1.3654000000005908,"failureMessages":[],"meta":{},"tags":[]},{"ancestorTitles":["offerRideSchema — numeric boundary values"],"fullName":"offerRideSchema — numeric boundary values accepts price of exactly 500","status":"passed","title":"accepts price of exactly 500","duration":0.4819000000006781,"failureMessages":[],"meta":{},"tags":[]},{"ancestorTitles":["offerRideSchema — numeric boundary values"],"fullName":"offerRideSchema — numeric boundary values rejects price of 0","status":"passed","title":"rejects price of 0","duration":0.3966999999993277,"failureMessages":[],"meta":{},"tags":[]},{"ancestorTitles":["offerRideSchema — numeric boundary values"],"fullName":"offerRideSchema — numeric boundary values accepts seats at boundary of 1","status":"passed","title":"accepts seats at boundary of 1","duration":0.8655999999991764,"failureMessages":[],"meta":{},"tags":[]},{"ancestorTitles":["offerRideSchema — numeric boundary values"],"fullName":"offerRideSchema — numeric boundary values accepts seats at boundary of 7","status":"passed","title":"accepts seats at boundary of 7","duration":0.6669999999994616,"failureMessages":[],"meta":{},"tags":[]},{"ancestorTitles":["topUpSchema — exact boundary values"],"fullName":"topUpSchema — exact boundary values accepts amount of exactly 500 (max allowed)","status":"passed","title":"accepts amount of exactly 500 (max allowed)","duration":0.497799999999188,"failureMessages":[],"meta":{},"tags":[]},{"ancestorTitles":["topUpSchema — exact boundary values"],"fullName":"topUpSchema — exact boundary values rejects amount of 500.01 (over max)","status":"passed","title":"rejects amount of 500.01 (over max)","duration":0.4328000000004977,"failureMessages":[],"meta":{},"tags":[]},{"ancestorTitles":["topUpSchema — exact boundary values"],"fullName":"topUpSchema — exact boundary values accepts amount of 0.01 (minimum positive)","status":"passed","title":"accepts amount of 0.01 (minimum positive)","duration":0.2893999999996595,"failureMessages":[],"meta":{},"tags":[]},{"ancestorTitles":["transferSchema — exact boundary values"],"fullName":"transferSchema — exact boundary values accepts amount of exactly 200 (max)","status":"passed","title":"accepts amount of exactly 200 (max)","duration":0.5425999999988562,"failureMessages":[],"meta":{},"tags":[]},{"ancestorTitles":["transferSchema — exact boundary values"],"fullName":"transferSchema — exact boundary values rejects amount of 200.01","status":"passed","title":"rejects amount of 200.01","duration":0.37629999999990105,"failureMessages":[],"meta":{},"tags":[]}],"startTime":1776038086464,"endTime":1776038086515.3762,"status":"passed","message":"","name":"C:/Users/user/OneDrive/Desktop/Wdoubleme/tests/unit/utils/validation-edge-cases.test.ts"},{"assertionResults":[{"ancestorTitles":["signInSchema"],"fullName":"signInSchema accepts valid credentials","status":"passed","title":"accepts valid credentials","duration":9.63879999999699,"failureMessages":[],"meta":{},"tags":[]},{"ancestorTitles":["signInSchema"],"fullName":"signInSchema rejects missing email","status":"passed","title":"rejects missing email","duration":1.8659000000006927,"failureMessages":[],"meta":{},"tags":[]},{"ancestorTitles":["signInSchema"],"fullName":"signInSchema rejects malformed email","status":"passed","title":"rejects malformed email","duration":1.8473999999987427,"failureMessages":[],"meta":{},"tags":[]},{"ancestorTitles":["signInSchema"],"fullName":"signInSchema rejects password shorter than 8 characters","status":"passed","title":"rejects password shorter than 8 characters","duration":0.7366999999976542,"failureMessages":[],"meta":{},"tags":[]},{"ancestorTitles":["signInSchema"],"fullName":"signInSchema rejects missing password","status":"passed","title":"rejects missing password","duration":0.6503000000011525,"failureMessages":[],"meta":{},"tags":[]},{"ancestorTitles":["signInSchema"],"fullName":"signInSchema normalises email to lowercase","status":"passed","title":"normalises email to lowercase","duration":0.7023999999983062,"failureMessages":[],"meta":{},"tags":[]},{"ancestorTitles":["signUpSchema"],"fullName":"signUpSchema accepts a complete valid payload","status":"passed","title":"accepts a complete valid payload","duration":2.7110999999968044,"failureMessages":[],"meta":{},"tags":[]},{"ancestorTitles":["signUpSchema"],"fullName":"signUpSchema accepts without optional phone","status":"passed","title":"accepts without optional phone","duration":0.9578000000001339,"failureMessages":[],"meta":{},"tags":[]},{"ancestorTitles":["signUpSchema"],"fullName":"signUpSchema rejects mismatched passwords","status":"passed","title":"rejects mismatched passwords","duration":1.100399999999354,"failureMessages":[],"meta":{},"tags":[]},{"ancestorTitles":["signUpSchema"],"fullName":"signUpSchema rejects name shorter than 2 characters","status":"passed","title":"rejects name shorter than 2 characters","duration":1.6854999999995925,"failureMessages":[],"meta":{},"tags":[]},{"ancestorTitles":["signUpSchema"],"fullName":"signUpSchema rejects name longer than 80 characters","status":"passed","title":"rejects name longer than 80 characters","duration":2.8652000000001863,"failureMessages":[],"meta":{},"tags":[]},{"ancestorTitles":["signUpSchema"],"fullName":"signUpSchema rejects phone in wrong format (no +)","status":"passed","title":"rejects phone in wrong format (no +)","duration":0.75,"failureMessages":[],"meta":{},"tags":[]},{"ancestorTitles":["signUpSchema"],"fullName":"signUpSchema rejects password shorter than 8 chars","status":"passed","title":"rejects password shorter than 8 chars","duration":0.5044999999990978,"failureMessages":[],"meta":{},"tags":[]},{"ancestorTitles":["signUpSchema"],"fullName":"signUpSchema rejects password exceeding 128 chars","status":"passed","title":"rejects password exceeding 128 chars","duration":0.4114999999983411,"failureMessages":[],"meta":{},"tags":[]},{"ancestorTitles":["resetPasswordSchema"],"fullName":"resetPasswordSchema accepts a valid email","status":"passed","title":"accepts a valid email","duration":0.33480000000054133,"failureMessages":[],"meta":{},"tags":[]},{"ancestorTitles":["resetPasswordSchema"],"fullName":"resetPasswordSchema rejects an invalid email","status":"passed","title":"rejects an invalid email","duration":0.26339999999981956,"failureMessages":[],"meta":{},"tags":[]},{"ancestorTitles":["resetPasswordSchema"],"fullName":"resetPasswordSchema rejects empty email","status":"passed","title":"rejects empty email","duration":0.3180000000029395,"failureMessages":[],"meta":{},"tags":[]},{"ancestorTitles":["offerRideSchema"],"fullName":"offerRideSchema accepts a complete valid offer","status":"passed","title":"accepts a complete valid offer","duration":1.19629999999961,"failureMessages":[],"meta":{},"tags":[]},{"ancestorTitles":["offerRideSchema"],"fullName":"offerRideSchema rejects same origin and destination","status":"passed","title":"rejects same origin and destination","duration":0.45860000000175205,"failureMessages":[],"meta":{},"tags":[]},{"ancestorTitles":["offerRideSchema"],"fullName":"offerRideSchema rejects seats < 1","status":"passed","title":"rejects seats < 1","duration":0.4327000000012049,"failureMessages":[],"meta":{},"tags":[]},{"ancestorTitles":["offerRideSchema"],"fullName":"offerRideSchema rejects seats > 7","status":"passed","title":"rejects seats > 7","duration":0.39359999999942374,"failureMessages":[],"meta":{},"tags":[]},{"ancestorTitles":["offerRideSchema"],"fullName":"offerRideSchema rejects negative price","status":"passed","title":"rejects negative price","duration":0.40529999999853317,"failureMessages":[],"meta":{},"tags":[]},{"ancestorTitles":["offerRideSchema"],"fullName":"offerRideSchema rejects price above 500","status":"passed","title":"rejects price above 500","duration":0.3747000000003027,"failureMessages":[],"meta":{},"tags":[]},{"ancestorTitles":["offerRideSchema"],"fullName":"offerRideSchema rejects notes longer than 500 chars","status":"passed","title":"rejects notes longer than 500 chars","duration":0.6092000000026019,"failureMessages":[],"meta":{},"tags":[]},{"ancestorTitles":["offerRideSchema"],"fullName":"offerRideSchema rejects invalid gender preference","status":"passed","title":"rejects invalid gender preference","duration":0.9411999999974796,"failureMessages":[],"meta":{},"tags":[]},{"ancestorTitles":["offerRideSchema"],"fullName":"offerRideSchema accepts optional notes","status":"passed","title":"accepts optional notes","duration":0.8390999999974156,"failureMessages":[],"meta":{},"tags":[]},{"ancestorTitles":["findRideSchema"],"fullName":"findRideSchema accepts a valid search","status":"passed","title":"accepts a valid search","duration":4.116699999998673,"failureMessages":[],"meta":{},"tags":[]},{"ancestorTitles":["findRideSchema"],"fullName":"findRideSchema rejects same origin and destination","status":"passed","title":"rejects same origin and destination","duration":1.4138999999995576,"failureMessages":[],"meta":{},"tags":[]},{"ancestorTitles":["findRideSchema"],"fullName":"findRideSchema rejects passengers < 1","status":"passed","title":"rejects passengers < 1","duration":0.4969999999993888,"failureMessages":[],"meta":{},"tags":[]},{"ancestorTitles":["findRideSchema"],"fullName":"findRideSchema rejects passengers > 7","status":"passed","title":"rejects passengers > 7","duration":0.43100000000049477,"failureMessages":[],"meta":{},"tags":[]},{"ancestorTitles":["findRideSchema"],"fullName":"findRideSchema defaults passengers to 1 when omitted","status":"passed","title":"defaults passengers to 1 when omitted","duration":0.4412999999985914,"failureMessages":[],"meta":{},"tags":[]},{"ancestorTitles":["sendPackageSchema"],"fullName":"sendPackageSchema accepts a complete valid package","status":"passed","title":"accepts a complete valid package","duration":0.7157999999981257,"failureMessages":[],"meta":{},"tags":[]},{"ancestorTitles":["sendPackageSchema"],"fullName":"sendPackageSchema rejects weight above 50 kg","status":"passed","title":"rejects weight above 50 kg","duration":0.4047000000027765,"failureMessages":[],"meta":{},"tags":[]},{"ancestorTitles":["sendPackageSchema"],"fullName":"sendPackageSchema rejects negative weight","status":"passed","title":"rejects negative weight","duration":0.4675999999999476,"failureMessages":[],"meta":{},"tags":[]},{"ancestorTitles":["sendPackageSchema"],"fullName":"sendPackageSchema rejects description shorter than 3 chars","status":"passed","title":"rejects description shorter than 3 chars","duration":0.35859999999956926,"failureMessages":[],"meta":{},"tags":[]},{"ancestorTitles":["sendPackageSchema"],"fullName":"sendPackageSchema rejects missing sender phone","status":"passed","title":"rejects missing sender phone","duration":0.6164000000026135,"failureMessages":[],"meta":{},"tags":[]},{"ancestorTitles":["sendPackageSchema"],"fullName":"sendPackageSchema accepts optional declared value","status":"passed","title":"accepts optional declared value","duration":1.9135999999998603,"failureMessages":[],"meta":{},"tags":[]},{"ancestorTitles":["sendPackageSchema"],"fullName":"sendPackageSchema rejects declared value above 10000","status":"passed","title":"rejects declared value above 10000","duration":1.7582000000002154,"failureMessages":[],"meta":{},"tags":[]},{"ancestorTitles":["updateProfileSchema"],"fullName":"updateProfileSchema accepts minimal valid input","status":"passed","title":"accepts minimal valid input","duration":0.5620000000017171,"failureMessages":[],"meta":{},"tags":[]},{"ancestorTitles":["updateProfileSchema"],"fullName":"updateProfileSchema accepts optional bio and avatar","status":"passed","title":"accepts optional bio and avatar","duration":0.5296999999991385,"failureMessages":[],"meta":{},"tags":[]},{"ancestorTitles":["updateProfileSchema"],"fullName":"updateProfileSchema rejects bio longer than 250 chars","status":"passed","title":"rejects bio longer than 250 chars","duration":0.30279999999766005,"failureMessages":[],"meta":{},"tags":[]},{"ancestorTitles":["updateProfileSchema"],"fullName":"updateProfileSchema rejects invalid avatar URL","status":"passed","title":"rejects invalid avatar URL","duration":0.5599999999976717,"failureMessages":[],"meta":{},"tags":[]},{"ancestorTitles":["updateProfileSchema"],"fullName":"updateProfileSchema accepts empty avatar URL (clearing avatar)","status":"passed","title":"accepts empty avatar URL (clearing avatar)","duration":0.42049999999653664,"failureMessages":[],"meta":{},"tags":[]},{"ancestorTitles":["changePasswordSchema"],"fullName":"changePasswordSchema accepts a valid password change","status":"passed","title":"accepts a valid password change","duration":1.6344000000026426,"failureMessages":[],"meta":{},"tags":[]},{"ancestorTitles":["changePasswordSchema"],"fullName":"changePasswordSchema rejects new password without uppercase letter","status":"passed","title":"rejects new password without uppercase letter","duration":1.3220000000001164,"failureMessages":[],"meta":{},"tags":[]},{"ancestorTitles":["changePasswordSchema"],"fullName":"changePasswordSchema rejects new password without a number","status":"passed","title":"rejects new password without a number","duration":0.4992000000020198,"failureMessages":[],"meta":{},"tags":[]},{"ancestorTitles":["changePasswordSchema"],"fullName":"changePasswordSchema rejects mismatched new passwords","status":"passed","title":"rejects mismatched new passwords","duration":0.5943000000006577,"failureMessages":[],"meta":{},"tags":[]},{"ancestorTitles":["topUpSchema"],"fullName":"topUpSchema accepts a valid top-up","status":"passed","title":"accepts a valid top-up","duration":0.8751000000011118,"failureMessages":[],"meta":{},"tags":[]},{"ancestorTitles":["topUpSchema"],"fullName":"topUpSchema rejects amount of 0","status":"passed","title":"rejects amount of 0","duration":0.5191999999988184,"failureMessages":[],"meta":{},"tags":[]},{"ancestorTitles":["topUpSchema"],"fullName":"topUpSchema rejects negative amount","status":"passed","title":"rejects negative amount","duration":0.3470999999990454,"failureMessages":[],"meta":{},"tags":[]},{"ancestorTitles":["topUpSchema"],"fullName":"topUpSchema rejects amount above 500","status":"passed","title":"rejects amount above 500","duration":0.2779000000009546,"failureMessages":[],"meta":{},"tags":[]},{"ancestorTitles":["topUpSchema"],"fullName":"topUpSchema rejects invalid payment method","status":"passed","title":"rejects invalid payment method","duration":0.28030000000217115,"failureMessages":[],"meta":{},"tags":[]},{"ancestorTitles":["topUpSchema"],"fullName":"topUpSchema accepts cliq payment method","status":"passed","title":"accepts cliq payment method","duration":0.28250000000116415,"failureMessages":[],"meta":{},"tags":[]},{"ancestorTitles":["topUpSchema"],"fullName":"topUpSchema accepts cash_agent payment method","status":"passed","title":"accepts cash_agent payment method","duration":0.3088999999999942,"failureMessages":[],"meta":{},"tags":[]},{"ancestorTitles":["topUpSchema"],"fullName":"topUpSchema defaults payment method to card","status":"passed","title":"defaults payment method to card","duration":0.36890000000130385,"failureMessages":[],"meta":{},"tags":[]},{"ancestorTitles":["transferSchema"],"fullName":"transferSchema accepts a valid transfer","status":"passed","title":"accepts a valid transfer","duration":0.4150999999983469,"failureMessages":[],"meta":{},"tags":[]},{"ancestorTitles":["transferSchema"],"fullName":"transferSchema rejects missing recipient phone","status":"passed","title":"rejects missing recipient phone","duration":0.3565999999991618,"failureMessages":[],"meta":{},"tags":[]},{"ancestorTitles":["transferSchema"],"fullName":"transferSchema rejects amount of 0","status":"passed","title":"rejects amount of 0","duration":0.301499999997759,"failureMessages":[],"meta":{},"tags":[]},{"ancestorTitles":["transferSchema"],"fullName":"transferSchema rejects amount above 200","status":"passed","title":"rejects amount above 200","duration":1.094199999999546,"failureMessages":[],"meta":{},"tags":[]},{"ancestorTitles":["transferSchema"],"fullName":"transferSchema accepts an optional note","status":"passed","title":"accepts an optional note","duration":2.258399999998801,"failureMessages":[],"meta":{},"tags":[]},{"ancestorTitles":["transferSchema"],"fullName":"transferSchema rejects note longer than 100 chars","status":"passed","title":"rejects note longer than 100 chars","duration":1.3042999999997846,"failureMessages":[],"meta":{},"tags":[]}],"startTime":1776038067651,"endTime":1776038067717.3042,"status":"passed","message":"","name":"C:/Users/user/OneDrive/Desktop/Wdoubleme/tests/unit/utils/validation.test.ts"},{"assertionResults":[{"ancestorTitles":["MobilityOSCore — isMobile initialisation"],"fullName":"MobilityOSCore — isMobile initialisation treats viewport ≥ 768 as desktop (not mobile)","status":"passed","title":"treats viewport ≥ 768 as desktop (not mobile)","duration":2103.7153,"failureMessages":[],"meta":{},"tags":[]},{"ancestorTitles":["MobilityOSCore — isMobile initialisation"],"fullName":"MobilityOSCore — isMobile initialisation treats viewport < 768 as mobile (no 3D transform)","status":"passed","title":"treats viewport < 768 as mobile (no 3D transform)","duration":428.1989000000003,"failureMessages":[],"meta":{},"tags":[]},{"ancestorTitles":["MobilityOSCore — isMobile initialisation"],"fullName":"MobilityOSCore — isMobile initialisation applies 4/3 aspect ratio on mobile","status":"passed","title":"applies 4/3 aspect ratio on mobile","duration":498.15830000000005,"failureMessages":[],"meta":{},"tags":[]},{"ancestorTitles":["MobilityOSCore — isMobile initialisation"],"fullName":"MobilityOSCore — isMobile initialisation applies wide aspect ratio on desktop","status":"passed","title":"applies wide aspect ratio on desktop","duration":356.9354000000003,"failureMessages":[],"meta":{},"tags":[]},{"ancestorTitles":["MobilityOSCore — resize listener"],"fullName":"MobilityOSCore — resize listener responds to resize from mobile to desktop","status":"passed","title":"responds to resize from mobile to desktop","duration":394.5182999999997,"failureMessages":[],"meta":{},"tags":[]},{"ancestorTitles":["MobilityOSCore — resize listener"],"fullName":"MobilityOSCore — resize listener responds to resize from desktop to mobile","status":"passed","title":"responds to resize from desktop to mobile","duration":422.481600000001,"failureMessages":[],"meta":{},"tags":[]},{"ancestorTitles":["MobilityOSCore — hero grid layout"],"fullName":"MobilityOSCore — hero grid layout uses single-column grid on mobile","status":"passed","title":"uses single-column grid on mobile","duration":299.301300000001,"failureMessages":[],"meta":{},"tags":[]},{"ancestorTitles":["MobilityOSCore — hero grid layout"],"fullName":"MobilityOSCore — hero grid layout uses two-column grid on desktop","status":"passed","title":"uses two-column grid on desktop","duration":341.2677999999996,"failureMessages":[],"meta":{},"tags":[]}],"startTime":1776037949493,"endTime":1776037954339.2678,"status":"passed","message":"","name":"C:/Users/user/OneDrive/Desktop/Wdoubleme/tests/unit/features/mobility-os/MobilityOSCore.test.tsx"}]}